0 info it worked if it ends with ok
1 verbose cli [ '/usr/local/bin/node',
1 verbose cli   '/usr/local/bin/npm',
1 verbose cli   'install',
1 verbose cli   'sleep',
1 verbose cli   '--save' ]
2 info using npm@3.10.9
3 info using node@v7.2.0
4 silly loadCurrentTree Starting
5 silly install loadCurrentTree
6 silly install readLocalPackageData
7 silly fetchPackageMetaData sleep
8 silly fetchNamedPackageData sleep
9 silly mapToRegistry name sleep
10 silly mapToRegistry using default registry
11 silly mapToRegistry registry https://registry.npmjs.org/
12 silly mapToRegistry data Result {
12 silly mapToRegistry   raw: 'sleep',
12 silly mapToRegistry   scope: null,
12 silly mapToRegistry   escapedName: 'sleep',
12 silly mapToRegistry   name: 'sleep',
12 silly mapToRegistry   rawSpec: '',
12 silly mapToRegistry   spec: 'latest',
12 silly mapToRegistry   type: 'tag' }
13 silly mapToRegistry uri https://registry.npmjs.org/sleep
14 verbose request uri https://registry.npmjs.org/sleep
15 verbose request no auth needed
16 info attempt registry request try #1 at 17:29:00
17 verbose request id 7c4321b2b196f4f2
18 http request GET https://registry.npmjs.org/sleep
19 http 200 https://registry.npmjs.org/sleep
20 verbose headers { server: 'nginx/1.10.1',
20 verbose headers   'content-type': 'application/json',
20 verbose headers   'last-modified': 'Sat, 12 Nov 2016 10:50:32 GMT',
20 verbose headers   etag: 'W/"5826f3f8-4cf6"',
20 verbose headers   'content-encoding': 'gzip',
20 verbose headers   'cache-control': 'max-age=300',
20 verbose headers   'content-length': '2753',
20 verbose headers   'accept-ranges': 'bytes',
20 verbose headers   date: 'Sun, 11 Dec 2016 09:29:00 GMT',
20 verbose headers   via: '1.1 varnish',
20 verbose headers   age: '0',
20 verbose headers   connection: 'keep-alive',
20 verbose headers   'x-served-by': 'cache-hkg6825-HKG',
20 verbose headers   'x-cache': 'MISS',
20 verbose headers   'x-cache-hits': '0',
20 verbose headers   'x-timer': 'S1481448540.285978,VS0,VE171',
20 verbose headers   vary: 'Accept-Encoding' }
21 silly get cb [ 200,
21 silly get   { server: 'nginx/1.10.1',
21 silly get     'content-type': 'application/json',
21 silly get     'last-modified': 'Sat, 12 Nov 2016 10:50:32 GMT',
21 silly get     etag: 'W/"5826f3f8-4cf6"',
21 silly get     'content-encoding': 'gzip',
21 silly get     'cache-control': 'max-age=300',
21 silly get     'content-length': '2753',
21 silly get     'accept-ranges': 'bytes',
21 silly get     date: 'Sun, 11 Dec 2016 09:29:00 GMT',
21 silly get     via: '1.1 varnish',
21 silly get     age: '0',
21 silly get     connection: 'keep-alive',
21 silly get     'x-served-by': 'cache-hkg6825-HKG',
21 silly get     'x-cache': 'MISS',
21 silly get     'x-cache-hits': '0',
21 silly get     'x-timer': 'S1481448540.285978,VS0,VE171',
21 silly get     vary: 'Accept-Encoding' } ]
22 verbose get saving sleep to /Users/h05374082/.npm/registry.npmjs.org/sleep/.cache.json
23 verbose correctMkdir /Users/h05374082/.npm correctMkdir not in flight; initializing
24 silly install normalizeTree
25 silly loadCurrentTree Finishing
26 silly loadIdealTree Starting
27 silly install loadIdealTree
28 silly cloneCurrentTree Starting
29 silly install cloneCurrentTreeToIdealTree
30 silly cloneCurrentTree Finishing
31 silly loadShrinkwrap Starting
32 silly install loadShrinkwrap
33 silly loadShrinkwrap Finishing
34 silly loadAllDepsIntoIdealTree Starting
35 silly install loadAllDepsIntoIdealTree
36 silly resolveWithNewModule sleep@5.0.0 checking installable status
37 silly cache add args [ 'sleep', null ]
38 verbose cache add spec sleep
39 silly cache add parsed spec Result {
39 silly cache add   raw: 'sleep',
39 silly cache add   scope: null,
39 silly cache add   escapedName: 'sleep',
39 silly cache add   name: 'sleep',
39 silly cache add   rawSpec: '',
39 silly cache add   spec: 'latest',
39 silly cache add   type: 'tag' }
40 silly addNamed sleep@latest
41 verbose addNamed "latest" is being treated as a dist-tag for sleep
42 info addNameTag [ 'sleep', 'latest' ]
43 silly mapToRegistry name sleep
44 silly mapToRegistry using default registry
45 silly mapToRegistry registry https://registry.npmjs.org/
46 silly mapToRegistry data Result {
46 silly mapToRegistry   raw: 'sleep',
46 silly mapToRegistry   scope: null,
46 silly mapToRegistry   escapedName: 'sleep',
46 silly mapToRegistry   name: 'sleep',
46 silly mapToRegistry   rawSpec: '',
46 silly mapToRegistry   spec: 'latest',
46 silly mapToRegistry   type: 'tag' }
47 silly mapToRegistry uri https://registry.npmjs.org/sleep
48 verbose addNameTag registry:https://registry.npmjs.org/sleep not in flight; fetching
49 verbose get https://registry.npmjs.org/sleep not expired, no request
50 silly addNameTag next cb for sleep with tag latest
51 silly addNamed sleep@5.0.0
52 verbose addNamed "5.0.0" is a plain semver version for sleep
53 silly mapToRegistry name sleep
54 silly mapToRegistry using default registry
55 silly mapToRegistry registry https://registry.npmjs.org/
56 silly mapToRegistry data Result {
56 silly mapToRegistry   raw: 'sleep',
56 silly mapToRegistry   scope: null,
56 silly mapToRegistry   escapedName: 'sleep',
56 silly mapToRegistry   name: 'sleep',
56 silly mapToRegistry   rawSpec: '',
56 silly mapToRegistry   spec: 'latest',
56 silly mapToRegistry   type: 'tag' }
57 silly mapToRegistry uri https://registry.npmjs.org/sleep
58 verbose addRemoteTarball https://registry.npmjs.org/sleep/-/sleep-5.0.0.tgz not in flight; adding
59 verbose addRemoteTarball [ 'https://registry.npmjs.org/sleep/-/sleep-5.0.0.tgz',
59 verbose addRemoteTarball   '565d29a1ded05290180b571643d2ea794025b5ef' ]
60 info retry fetch attempt 1 at 17:29:00
61 info attempt registry request try #1 at 17:29:00
62 http fetch GET https://registry.npmjs.org/sleep/-/sleep-5.0.0.tgz
63 http fetch 200 https://registry.npmjs.org/sleep/-/sleep-5.0.0.tgz
64 silly fetchAndShaCheck shasum 565d29a1ded05290180b571643d2ea794025b5ef
65 verbose addTmpTarball /var/folders/gs/j5g94j_100lc2jfcffcwvgrm0000gn/T/npm-1559-7cdf7f4e/registry.npmjs.org/sleep/-/sleep-5.0.0.tgz not in flight; adding
66 verbose addTmpTarball already have metadata; skipping unpack for sleep@5.0.0
67 verbose correctMkdir /Users/h05374082/.npm correctMkdir not in flight; initializing
68 silly cache afterAdd sleep@5.0.0
69 verbose afterAdd /Users/h05374082/.npm/sleep/5.0.0/package/package.json not in flight; writing
70 verbose correctMkdir /Users/h05374082/.npm correctMkdir not in flight; initializing
71 verbose afterAdd /Users/h05374082/.npm/sleep/5.0.0/package/package.json written
72 silly fetchNamedPackageData nan
73 silly mapToRegistry name nan
74 silly mapToRegistry using default registry
75 silly mapToRegistry registry https://registry.npmjs.org/
76 silly mapToRegistry data Result {
76 silly mapToRegistry   raw: 'nan',
76 silly mapToRegistry   scope: null,
76 silly mapToRegistry   escapedName: 'nan',
76 silly mapToRegistry   name: 'nan',
76 silly mapToRegistry   rawSpec: '',
76 silly mapToRegistry   spec: 'latest',
76 silly mapToRegistry   type: 'tag' }
77 silly mapToRegistry uri https://registry.npmjs.org/nan
78 verbose request uri https://registry.npmjs.org/nan
79 verbose request no auth needed
80 info attempt registry request try #1 at 17:29:01
81 http request GET https://registry.npmjs.org/nan
82 http 200 https://registry.npmjs.org/nan
83 verbose headers { server: 'nginx/1.10.1',
83 verbose headers   'content-type': 'application/json',
83 verbose headers   'last-modified': 'Sat, 03 Dec 2016 10:10:15 GMT',
83 verbose headers   etag: 'W/"58429a07-1ce2d"',
83 verbose headers   'content-encoding': 'gzip',
83 verbose headers   'cache-control': 'max-age=300',
83 verbose headers   'content-length': '14068',
83 verbose headers   'accept-ranges': 'bytes',
83 verbose headers   date: 'Sun, 11 Dec 2016 09:29:01 GMT',
83 verbose headers   via: '1.1 varnish',
83 verbose headers   age: '102',
83 verbose headers   connection: 'keep-alive',
83 verbose headers   'x-served-by': 'cache-hkg6825-HKG',
83 verbose headers   'x-cache': 'HIT',
83 verbose headers   'x-cache-hits': '4',
83 verbose headers   'x-timer': 'S1481448541.496487,VS0,VE0',
83 verbose headers   vary: 'Accept-Encoding' }
84 silly get cb [ 200,
84 silly get   { server: 'nginx/1.10.1',
84 silly get     'content-type': 'application/json',
84 silly get     'last-modified': 'Sat, 03 Dec 2016 10:10:15 GMT',
84 silly get     etag: 'W/"58429a07-1ce2d"',
84 silly get     'content-encoding': 'gzip',
84 silly get     'cache-control': 'max-age=300',
84 silly get     'content-length': '14068',
84 silly get     'accept-ranges': 'bytes',
84 silly get     date: 'Sun, 11 Dec 2016 09:29:01 GMT',
84 silly get     via: '1.1 varnish',
84 silly get     age: '102',
84 silly get     connection: 'keep-alive',
84 silly get     'x-served-by': 'cache-hkg6825-HKG',
84 silly get     'x-cache': 'HIT',
84 silly get     'x-cache-hits': '4',
84 silly get     'x-timer': 'S1481448541.496487,VS0,VE0',
84 silly get     vary: 'Accept-Encoding' } ]
85 verbose get saving nan to /Users/h05374082/.npm/registry.npmjs.org/nan/.cache.json
86 verbose correctMkdir /Users/h05374082/.npm correctMkdir not in flight; initializing
87 silly resolveWithNewModule nan@2.4.0 checking installable status
88 silly cache add args [ 'nan@>=2.0.0', null ]
89 verbose cache add spec nan@>=2.0.0
90 silly cache add parsed spec Result {
90 silly cache add   raw: 'nan@>=2.0.0',
90 silly cache add   scope: null,
90 silly cache add   escapedName: 'nan',
90 silly cache add   name: 'nan',
90 silly cache add   rawSpec: '>=2.0.0',
90 silly cache add   spec: '>=2.0.0',
90 silly cache add   type: 'range' }
91 silly addNamed nan@>=2.0.0
92 verbose addNamed ">=2.0.0" is a valid semver range for nan
93 silly addNameRange { name: 'nan', range: '>=2.0.0', hasData: false }
94 silly mapToRegistry name nan
95 silly mapToRegistry using default registry
96 silly mapToRegistry registry https://registry.npmjs.org/
97 silly mapToRegistry data Result {
97 silly mapToRegistry   raw: 'nan',
97 silly mapToRegistry   scope: null,
97 silly mapToRegistry   escapedName: 'nan',
97 silly mapToRegistry   name: 'nan',
97 silly mapToRegistry   rawSpec: '',
97 silly mapToRegistry   spec: 'latest',
97 silly mapToRegistry   type: 'tag' }
98 silly mapToRegistry uri https://registry.npmjs.org/nan
99 verbose addNameRange registry:https://registry.npmjs.org/nan not in flight; fetching
100 verbose get https://registry.npmjs.org/nan not expired, no request
101 silly addNameRange number 2 { name: 'nan', range: '>=2.0.0', hasData: true }
102 silly addNameRange versions [ 'nan',
102 silly addNameRange   [ '0.3.0-wip',
102 silly addNameRange     '0.3.0-wip2',
102 silly addNameRange     '0.3.0',
102 silly addNameRange     '0.3.1',
102 silly addNameRange     '0.3.2',
102 silly addNameRange     '0.4.0',
102 silly addNameRange     '0.4.1',
102 silly addNameRange     '0.4.2',
102 silly addNameRange     '0.4.3',
102 silly addNameRange     '0.4.4',
102 silly addNameRange     '0.5.0',
102 silly addNameRange     '0.5.1',
102 silly addNameRange     '0.5.2',
102 silly addNameRange     '0.6.0',
102 silly addNameRange     '0.7.0',
102 silly addNameRange     '0.7.1',
102 silly addNameRange     '0.8.0',
102 silly addNameRange     '1.0.0',
102 silly addNameRange     '1.1.0',
102 silly addNameRange     '1.1.1',
102 silly addNameRange     '1.1.2',
102 silly addNameRange     '1.2.0',
102 silly addNameRange     '1.3.0',
102 silly addNameRange     '1.4.0',
102 silly addNameRange     '1.4.1',
102 silly addNameRange     '1.5.0',
102 silly addNameRange     '1.4.2',
102 silly addNameRange     '1.4.3',
102 silly addNameRange     '1.5.1',
102 silly addNameRange     '1.5.2',
102 silly addNameRange     '1.6.0',
102 silly addNameRange     '1.5.3',
102 silly addNameRange     '1.6.1',
102 silly addNameRange     '1.6.2',
102 silly addNameRange     '1.7.0',
102 silly addNameRange     '1.8.0',
102 silly addNameRange     '1.8.1',
102 silly addNameRange     '1.8.2',
102 silly addNameRange     '1.8.3',
102 silly addNameRange     '1.8.4',
102 silly addNameRange     '1.9.0',
102 silly addNameRange     '2.0.0',
102 silly addNameRange     '2.0.1',
102 silly addNameRange     '2.0.2',
102 silly addNameRange     '2.0.3',
102 silly addNameRange     '2.0.4',
102 silly addNameRange     '2.0.5',
102 silly addNameRange     '2.0.6',
102 silly addNameRange     '2.0.7',
102 silly addNameRange     '2.0.8',
102 silly addNameRange     '2.0.9',
102 silly addNameRange     '2.1.0',
102 silly addNameRange     '2.2.0',
102 silly addNameRange     '2.2.1',
102 silly addNameRange     '2.3.0',
102 silly addNameRange     '2.3.1',
102 silly addNameRange     '2.3.2',
102 silly addNameRange     '2.3.3',
102 silly addNameRange     '2.3.4',
102 silly addNameRange     '2.3.5',
102 silly addNameRange     '2.4.0' ] ]
103 silly addNamed nan@2.4.0
104 verbose addNamed "2.4.0" is a plain semver version for nan
105 silly mapToRegistry name nan
106 silly mapToRegistry using default registry
107 silly mapToRegistry registry https://registry.npmjs.org/
108 silly mapToRegistry data Result {
108 silly mapToRegistry   raw: 'nan',
108 silly mapToRegistry   scope: null,
108 silly mapToRegistry   escapedName: 'nan',
108 silly mapToRegistry   name: 'nan',
108 silly mapToRegistry   rawSpec: '',
108 silly mapToRegistry   spec: 'latest',
108 silly mapToRegistry   type: 'tag' }
109 silly mapToRegistry uri https://registry.npmjs.org/nan
110 verbose addRemoteTarball https://registry.npmjs.org/nan/-/nan-2.4.0.tgz not in flight; adding
111 verbose addRemoteTarball [ 'https://registry.npmjs.org/nan/-/nan-2.4.0.tgz',
111 verbose addRemoteTarball   'fb3c59d45fe4effe215f0b890f8adf6eb32d2232' ]
112 info retry fetch attempt 1 at 17:29:01
113 info attempt registry request try #1 at 17:29:01
114 http fetch GET https://registry.npmjs.org/nan/-/nan-2.4.0.tgz
115 http fetch 200 https://registry.npmjs.org/nan/-/nan-2.4.0.tgz
116 silly fetchAndShaCheck shasum fb3c59d45fe4effe215f0b890f8adf6eb32d2232
117 verbose addTmpTarball /var/folders/gs/j5g94j_100lc2jfcffcwvgrm0000gn/T/npm-1559-7cdf7f4e/registry.npmjs.org/nan/-/nan-2.4.0.tgz not in flight; adding
118 verbose addTmpTarball already have metadata; skipping unpack for nan@2.4.0
119 verbose correctMkdir /Users/h05374082/.npm correctMkdir not in flight; initializing
120 silly cache afterAdd nan@2.4.0
121 verbose afterAdd /Users/h05374082/.npm/nan/2.4.0/package/package.json not in flight; writing
122 verbose correctMkdir /Users/h05374082/.npm correctMkdir not in flight; initializing
123 verbose afterAdd /Users/h05374082/.npm/nan/2.4.0/package/package.json written
124 silly loadAllDepsIntoIdealTree Finishing
125 silly loadIdealTree Finishing
126 silly currentTree 20161205_HTTPServer
126 silly currentTree ├── ansi-regex@2.0.0
126 silly currentTree ├── ansi-styles@2.2.1
126 silly currentTree ├── asn1@0.2.3
126 silly currentTree ├── assert-plus@0.2.0
126 silly currentTree ├── asynckit@0.4.0
126 silly currentTree ├── aws-sign2@0.6.0
126 silly currentTree ├── aws4@1.5.0
126 silly currentTree ├── bcrypt-pbkdf@1.0.0
126 silly currentTree ├── boolbase@1.0.0
126 silly currentTree ├── boom@2.10.1
126 silly currentTree ├── buffer-shims@1.0.0
126 silly currentTree ├── caseless@0.11.0
126 silly currentTree ├── chalk@1.1.3
126 silly currentTree ├── cheerio@0.22.0
126 silly currentTree ├── combined-stream@1.0.5
126 silly currentTree ├── commander@2.9.0
126 silly currentTree ├── core-util-is@1.0.2
126 silly currentTree ├── cryptiles@2.0.5
126 silly currentTree ├── css-select@1.2.0
126 silly currentTree ├── css-what@2.1.0
126 silly currentTree ├─┬ dashdash@1.14.1
126 silly currentTree │ └── assert-plus@1.0.0
126 silly currentTree ├── delayed-stream@1.0.0
126 silly currentTree ├─┬ dom-serializer@0.1.0
126 silly currentTree │ └── domelementtype@1.1.3
126 silly currentTree ├── domelementtype@1.3.0
126 silly currentTree ├── domhandler@2.3.0
126 silly currentTree ├── domutils@1.5.1
126 silly currentTree ├── ecc-jsbn@0.1.1
126 silly currentTree ├── entities@1.1.1
126 silly currentTree ├── escape-string-regexp@1.0.5
126 silly currentTree ├── extend@3.0.0
126 silly currentTree ├── extsprintf@1.0.2
126 silly currentTree ├── forever-agent@0.6.1
126 silly currentTree ├── form-data@2.1.2
126 silly currentTree ├── generate-function@2.0.0
126 silly currentTree ├── generate-object-property@1.2.0
126 silly currentTree ├─┬ getpass@0.1.6
126 silly currentTree │ └── assert-plus@1.0.0
126 silly currentTree ├── graceful-readlink@1.0.1
126 silly currentTree ├── har-validator@2.0.6
126 silly currentTree ├── has-ansi@2.0.0
126 silly currentTree ├── hawk@3.1.3
126 silly currentTree ├── hoek@2.16.3
126 silly currentTree ├── htmlparser2@3.9.2
126 silly currentTree ├── http-signature@1.1.1
126 silly currentTree ├── inherits@2.0.3
126 silly currentTree ├── is-my-json-valid@2.15.0
126 silly currentTree ├── is-property@1.0.2
126 silly currentTree ├── is-typedarray@1.0.0
126 silly currentTree ├── isarray@1.0.0
126 silly currentTree ├── isstream@0.1.2
126 silly currentTree ├── jodid25519@1.0.2
126 silly currentTree ├── jsbn@0.1.0
126 silly currentTree ├── json-schema@0.2.3
126 silly currentTree ├── json-stringify-safe@5.0.1
126 silly currentTree ├── jsonpointer@4.0.0
126 silly currentTree ├── jsprim@1.3.1
126 silly currentTree ├── lodash.assignin@4.2.0
126 silly currentTree ├── lodash.bind@4.2.1
126 silly currentTree ├── lodash.defaults@4.2.0
126 silly currentTree ├── lodash.filter@4.6.0
126 silly currentTree ├── lodash.flatten@4.4.0
126 silly currentTree ├── lodash.foreach@4.5.0
126 silly currentTree ├── lodash.map@4.6.0
126 silly currentTree ├── lodash.merge@4.6.0
126 silly currentTree ├── lodash.pick@4.4.0
126 silly currentTree ├── lodash.reduce@4.6.0
126 silly currentTree ├── lodash.reject@4.6.0
126 silly currentTree ├── lodash.some@4.6.0
126 silly currentTree ├── mime-db@1.25.0
126 silly currentTree ├── mime-types@2.1.13
126 silly currentTree ├── nth-check@1.0.1
126 silly currentTree ├── oauth-sign@0.8.2
126 silly currentTree ├── pinkie-promise@2.0.1
126 silly currentTree ├── pinkie@2.0.4
126 silly currentTree ├── process-nextick-args@1.0.7
126 silly currentTree ├── punycode@1.4.1
126 silly currentTree ├── qs@6.3.0
126 silly currentTree ├── readable-stream@2.2.2
126 silly currentTree ├── request@2.79.0
126 silly currentTree ├── sntp@1.0.9
126 silly currentTree ├─┬ sshpk@1.10.1
126 silly currentTree │ └── assert-plus@1.0.0
126 silly currentTree ├── string_decoder@0.10.31
126 silly currentTree ├── stringstream@0.0.5
126 silly currentTree ├── strip-ansi@3.0.1
126 silly currentTree ├── supports-color@2.0.0
126 silly currentTree ├── tough-cookie@2.3.2
126 silly currentTree ├── tunnel-agent@0.4.3
126 silly currentTree ├── tweetnacl@0.14.4
126 silly currentTree ├── util-deprecate@1.0.2
126 silly currentTree ├── uuid@3.0.1
126 silly currentTree ├── verror@1.3.6
126 silly currentTree └── xtend@4.0.1
127 silly idealTree 20161205_HTTPServer
127 silly idealTree ├── ansi-regex@2.0.0
127 silly idealTree ├── ansi-styles@2.2.1
127 silly idealTree ├── asn1@0.2.3
127 silly idealTree ├── assert-plus@0.2.0
127 silly idealTree ├── asynckit@0.4.0
127 silly idealTree ├── aws-sign2@0.6.0
127 silly idealTree ├── aws4@1.5.0
127 silly idealTree ├── bcrypt-pbkdf@1.0.0
127 silly idealTree ├── boolbase@1.0.0
127 silly idealTree ├── boom@2.10.1
127 silly idealTree ├── buffer-shims@1.0.0
127 silly idealTree ├── caseless@0.11.0
127 silly idealTree ├── chalk@1.1.3
127 silly idealTree ├── cheerio@0.22.0
127 silly idealTree ├── combined-stream@1.0.5
127 silly idealTree ├── commander@2.9.0
127 silly idealTree ├── core-util-is@1.0.2
127 silly idealTree ├── cryptiles@2.0.5
127 silly idealTree ├── css-select@1.2.0
127 silly idealTree ├── css-what@2.1.0
127 silly idealTree ├─┬ dashdash@1.14.1
127 silly idealTree │ └── assert-plus@1.0.0
127 silly idealTree ├── delayed-stream@1.0.0
127 silly idealTree ├─┬ dom-serializer@0.1.0
127 silly idealTree │ └── domelementtype@1.1.3
127 silly idealTree ├── domelementtype@1.3.0
127 silly idealTree ├── domhandler@2.3.0
127 silly idealTree ├── domutils@1.5.1
127 silly idealTree ├── ecc-jsbn@0.1.1
127 silly idealTree ├── entities@1.1.1
127 silly idealTree ├── escape-string-regexp@1.0.5
127 silly idealTree ├── extend@3.0.0
127 silly idealTree ├── extsprintf@1.0.2
127 silly idealTree ├── forever-agent@0.6.1
127 silly idealTree ├── form-data@2.1.2
127 silly idealTree ├── generate-function@2.0.0
127 silly idealTree ├── generate-object-property@1.2.0
127 silly idealTree ├─┬ getpass@0.1.6
127 silly idealTree │ └── assert-plus@1.0.0
127 silly idealTree ├── graceful-readlink@1.0.1
127 silly idealTree ├── har-validator@2.0.6
127 silly idealTree ├── has-ansi@2.0.0
127 silly idealTree ├── hawk@3.1.3
127 silly idealTree ├── hoek@2.16.3
127 silly idealTree ├── htmlparser2@3.9.2
127 silly idealTree ├── http-signature@1.1.1
127 silly idealTree ├── inherits@2.0.3
127 silly idealTree ├── is-my-json-valid@2.15.0
127 silly idealTree ├── is-property@1.0.2
127 silly idealTree ├── is-typedarray@1.0.0
127 silly idealTree ├── isarray@1.0.0
127 silly idealTree ├── isstream@0.1.2
127 silly idealTree ├── jodid25519@1.0.2
127 silly idealTree ├── jsbn@0.1.0
127 silly idealTree ├── json-schema@0.2.3
127 silly idealTree ├── json-stringify-safe@5.0.1
127 silly idealTree ├── jsonpointer@4.0.0
127 silly idealTree ├── jsprim@1.3.1
127 silly idealTree ├── lodash.assignin@4.2.0
127 silly idealTree ├── lodash.bind@4.2.1
127 silly idealTree ├── lodash.defaults@4.2.0
127 silly idealTree ├── lodash.filter@4.6.0
127 silly idealTree ├── lodash.flatten@4.4.0
127 silly idealTree ├── lodash.foreach@4.5.0
127 silly idealTree ├── lodash.map@4.6.0
127 silly idealTree ├── lodash.merge@4.6.0
127 silly idealTree ├── lodash.pick@4.4.0
127 silly idealTree ├── lodash.reduce@4.6.0
127 silly idealTree ├── lodash.reject@4.6.0
127 silly idealTree ├── lodash.some@4.6.0
127 silly idealTree ├── mime-db@1.25.0
127 silly idealTree ├── mime-types@2.1.13
127 silly idealTree ├── nan@2.4.0
127 silly idealTree ├── nth-check@1.0.1
127 silly idealTree ├── oauth-sign@0.8.2
127 silly idealTree ├── pinkie-promise@2.0.1
127 silly idealTree ├── pinkie@2.0.4
127 silly idealTree ├── process-nextick-args@1.0.7
127 silly idealTree ├── punycode@1.4.1
127 silly idealTree ├── qs@6.3.0
127 silly idealTree ├── readable-stream@2.2.2
127 silly idealTree ├── request@2.79.0
127 silly idealTree ├── sleep@5.0.0
127 silly idealTree ├── sntp@1.0.9
127 silly idealTree ├─┬ sshpk@1.10.1
127 silly idealTree │ └── assert-plus@1.0.0
127 silly idealTree ├── string_decoder@0.10.31
127 silly idealTree ├── stringstream@0.0.5
127 silly idealTree ├── strip-ansi@3.0.1
127 silly idealTree ├── supports-color@2.0.0
127 silly idealTree ├── tough-cookie@2.3.2
127 silly idealTree ├── tunnel-agent@0.4.3
127 silly idealTree ├── tweetnacl@0.14.4
127 silly idealTree ├── util-deprecate@1.0.2
127 silly idealTree ├── uuid@3.0.1
127 silly idealTree ├── verror@1.3.6
127 silly idealTree └── xtend@4.0.1
128 silly generateActionsToTake Starting
129 silly install generateActionsToTake
130 silly generateActionsToTake Finishing
131 silly diffTrees action count 2
132 silly diffTrees add nan@2.4.0
133 silly diffTrees add sleep@5.0.0
134 silly decomposeActions action count 16
135 silly decomposeActions fetch nan@2.4.0
136 silly decomposeActions extract nan@2.4.0
137 silly decomposeActions test nan@2.4.0
138 silly decomposeActions preinstall nan@2.4.0
139 silly decomposeActions build nan@2.4.0
140 silly decomposeActions install nan@2.4.0
141 silly decomposeActions postinstall nan@2.4.0
142 silly decomposeActions finalize nan@2.4.0
143 silly decomposeActions fetch sleep@5.0.0
144 silly decomposeActions extract sleep@5.0.0
145 silly decomposeActions test sleep@5.0.0
146 silly decomposeActions preinstall sleep@5.0.0
147 silly decomposeActions build sleep@5.0.0
148 silly decomposeActions install sleep@5.0.0
149 silly decomposeActions postinstall sleep@5.0.0
150 silly decomposeActions finalize sleep@5.0.0
151 silly runTopLevelLifecycles Starting
152 silly executeActions Starting
153 silly install executeActions
154 silly doSerial global-install 0
155 silly doParallel fetch 2
156 verbose correctMkdir /Users/h05374082/.npm/_locks correctMkdir not in flight; initializing
157 verbose lock using /Users/h05374082/.npm/_locks/staging-5c9cde005ec654c6.lock for /Users/h05374082/Downloads/20161205_HTTPServer/node_modules/.staging
158 silly doParallel extract 2
159 silly extract nan@2.4.0
160 silly extract sleep@5.0.0
161 verbose unbuild node_modules/.staging/nan-da0dbc09
162 verbose unbuild node_modules/.staging/sleep-9293e1c4
163 silly gentlyRm /Users/h05374082/Downloads/20161205_HTTPServer/node_modules/.staging/nan-da0dbc09 is being purged from base /Users/h05374082/Downloads/20161205_HTTPServer
164 verbose gentlyRm don't care about contents; nuking /Users/h05374082/Downloads/20161205_HTTPServer/node_modules/.staging/nan-da0dbc09
165 silly gentlyRm /Users/h05374082/Downloads/20161205_HTTPServer/node_modules/.staging/sleep-9293e1c4 is being purged from base /Users/h05374082/Downloads/20161205_HTTPServer
166 verbose gentlyRm don't care about contents; nuking /Users/h05374082/Downloads/20161205_HTTPServer/node_modules/.staging/sleep-9293e1c4
167 verbose tar unpack /Users/h05374082/.npm/nan/2.4.0/package.tgz
168 verbose tar unpacking to /Users/h05374082/Downloads/20161205_HTTPServer/node_modules/.staging/nan-da0dbc09
169 silly gentlyRm /Users/h05374082/Downloads/20161205_HTTPServer/node_modules/.staging/nan-da0dbc09 is being purged
170 verbose gentlyRm don't care about contents; nuking /Users/h05374082/Downloads/20161205_HTTPServer/node_modules/.staging/nan-da0dbc09
171 verbose tar unpack /Users/h05374082/.npm/sleep/5.0.0/package.tgz
172 verbose tar unpacking to /Users/h05374082/Downloads/20161205_HTTPServer/node_modules/.staging/sleep-9293e1c4
173 silly gentlyRm /Users/h05374082/Downloads/20161205_HTTPServer/node_modules/.staging/sleep-9293e1c4 is being purged
174 verbose gentlyRm don't care about contents; nuking /Users/h05374082/Downloads/20161205_HTTPServer/node_modules/.staging/sleep-9293e1c4
175 silly gunzTarPerm modes [ '755', '644' ]
176 silly gunzTarPerm modes [ '755', '644' ]
177 silly gunzTarPerm extractEntry package.json
178 silly gunzTarPerm modified mode [ 'package.json', 436, 420 ]
179 silly gunzTarPerm extractEntry package.json
180 silly gunzTarPerm modified mode [ 'package.json', 436, 420 ]
181 silly gunzTarPerm extractEntry README.md
182 silly gunzTarPerm modified mode [ 'README.md', 436, 420 ]
183 silly gunzTarPerm extractEntry .npmignore
184 silly gunzTarPerm modified mode [ '.npmignore', 436, 420 ]
185 silly gunzTarPerm extractEntry README.md
186 silly gunzTarPerm modified mode [ 'README.md', 436, 420 ]
187 silly gunzTarPerm extractEntry include_dirs.js
188 silly gunzTarPerm modified mode [ 'include_dirs.js', 436, 420 ]
189 silly gunzTarPerm extractEntry test.js
190 silly gunzTarPerm modified mode [ 'test.js', 436, 420 ]
191 silly gunzTarPerm extractEntry index.js
192 silly gunzTarPerm modified mode [ 'index.js', 436, 420 ]
193 silly gunzTarPerm extractEntry nan_callbacks_pre_12_inl.h
194 silly gunzTarPerm modified mode [ 'nan_callbacks_pre_12_inl.h', 436, 420 ]
195 silly gunzTarPerm extractEntry CHANGELOG.md
196 silly gunzTarPerm modified mode [ 'CHANGELOG.md', 436, 420 ]
197 silly gunzTarPerm extractEntry LICENSE.md
198 silly gunzTarPerm modified mode [ 'LICENSE.md', 436, 420 ]
199 silly gunzTarPerm extractEntry doc/node_misc.md
200 silly gunzTarPerm modified mode [ 'doc/node_misc.md', 436, 420 ]
201 silly gunzTarPerm extractEntry LICENSE.txt
202 silly gunzTarPerm modified mode [ 'LICENSE.txt', 436, 420 ]
203 silly gunzTarPerm extractEntry sleep.cc
204 silly gunzTarPerm modified mode [ 'sleep.cc', 436, 420 ]
205 silly gunzTarPerm extractEntry doc/asyncworker.md
206 silly gunzTarPerm modified mode [ 'doc/asyncworker.md', 436, 420 ]
207 silly gunzTarPerm extractEntry doc/callback.md
208 silly gunzTarPerm modified mode [ 'doc/callback.md', 436, 420 ]
209 silly gunzTarPerm extractEntry binding.gyp
210 silly gunzTarPerm modified mode [ 'binding.gyp', 436, 420 ]
211 silly gunzTarPerm extractEntry doc/converters.md
212 silly gunzTarPerm modified mode [ 'doc/converters.md', 436, 420 ]
213 silly gunzTarPerm extractEntry doc/errors.md
214 silly gunzTarPerm modified mode [ 'doc/errors.md', 436, 420 ]
215 silly gunzTarPerm extractEntry doc/maybe_types.md
216 silly gunzTarPerm modified mode [ 'doc/maybe_types.md', 436, 420 ]
217 silly gunzTarPerm extractEntry doc/methods.md
218 silly gunzTarPerm modified mode [ 'doc/methods.md', 436, 420 ]
219 silly gunzTarPerm extractEntry doc/new.md
220 silly gunzTarPerm modified mode [ 'doc/new.md', 436, 420 ]
221 silly gunzTarPerm extractEntry doc/buffers.md
222 silly gunzTarPerm modified mode [ 'doc/buffers.md', 436, 420 ]
223 silly gunzTarPerm extractEntry doc/object_wrappers.md
224 silly gunzTarPerm modified mode [ 'doc/object_wrappers.md', 436, 420 ]
225 silly gunzTarPerm extractEntry doc/persistent.md
226 silly gunzTarPerm modified mode [ 'doc/persistent.md', 436, 420 ]
227 silly gunzTarPerm extractEntry doc/scopes.md
228 silly gunzTarPerm modified mode [ 'doc/scopes.md', 436, 420 ]
229 silly gunzTarPerm extractEntry doc/script.md
230 silly gunzTarPerm modified mode [ 'doc/script.md', 436, 420 ]
231 silly gunzTarPerm extractEntry doc/string_bytes.md
232 silly gunzTarPerm modified mode [ 'doc/string_bytes.md', 436, 420 ]
233 silly gunzTarPerm extractEntry doc/v8_internals.md
234 silly gunzTarPerm modified mode [ 'doc/v8_internals.md', 436, 420 ]
235 silly gunzTarPerm extractEntry doc/v8_misc.md
236 silly gunzTarPerm modified mode [ 'doc/v8_misc.md', 436, 420 ]
237 silly gentlyRm /Users/h05374082/Downloads/20161205_HTTPServer/node_modules/.staging/sleep-9293e1c4/node_modules is being purged
238 verbose gentlyRm don't care about contents; nuking /Users/h05374082/Downloads/20161205_HTTPServer/node_modules/.staging/sleep-9293e1c4/node_modules
239 silly gunzTarPerm extractEntry nan.h
240 silly gunzTarPerm modified mode [ 'nan.h', 436, 420 ]
241 silly gunzTarPerm extractEntry nan_callbacks.h
242 silly gunzTarPerm modified mode [ 'nan_callbacks.h', 436, 420 ]
243 silly gunzTarPerm extractEntry nan_callbacks_12_inl.h
244 silly gunzTarPerm modified mode [ 'nan_callbacks_12_inl.h', 436, 420 ]
245 silly gunzTarPerm extractEntry nan_converters.h
246 silly gunzTarPerm modified mode [ 'nan_converters.h', 436, 420 ]
247 silly gunzTarPerm extractEntry nan_converters_43_inl.h
248 silly gunzTarPerm modified mode [ 'nan_converters_43_inl.h', 436, 420 ]
249 silly gunzTarPerm extractEntry nan_converters_pre_43_inl.h
250 silly gunzTarPerm modified mode [ 'nan_converters_pre_43_inl.h', 436, 420 ]
251 silly gunzTarPerm extractEntry nan_implementation_12_inl.h
252 silly gunzTarPerm modified mode [ 'nan_implementation_12_inl.h', 436, 420 ]
253 silly gunzTarPerm extractEntry nan_implementation_pre_12_inl.h
254 silly gunzTarPerm modified mode [ 'nan_implementation_pre_12_inl.h', 436, 420 ]
255 silly gunzTarPerm extractEntry nan_maybe_43_inl.h
256 silly gunzTarPerm modified mode [ 'nan_maybe_43_inl.h', 436, 420 ]
257 silly gunzTarPerm extractEntry nan_maybe_pre_43_inl.h
258 silly gunzTarPerm modified mode [ 'nan_maybe_pre_43_inl.h', 436, 420 ]
259 silly gunzTarPerm extractEntry nan_new.h
260 silly gunzTarPerm modified mode [ 'nan_new.h', 436, 420 ]
261 silly gunzTarPerm extractEntry nan_object_wrap.h
262 silly gunzTarPerm modified mode [ 'nan_object_wrap.h', 436, 420 ]
263 silly gunzTarPerm extractEntry nan_persistent_12_inl.h
264 silly gunzTarPerm modified mode [ 'nan_persistent_12_inl.h', 436, 420 ]
265 silly gunzTarPerm extractEntry nan_persistent_pre_12_inl.h
266 silly gunzTarPerm modified mode [ 'nan_persistent_pre_12_inl.h', 436, 420 ]
267 silly gunzTarPerm extractEntry nan_string_bytes.h
268 silly gunzTarPerm modified mode [ 'nan_string_bytes.h', 436, 420 ]
269 silly gunzTarPerm extractEntry nan_typedarray_contents.h
270 silly gunzTarPerm modified mode [ 'nan_typedarray_contents.h', 436, 420 ]
271 silly gunzTarPerm extractEntry nan_weak.h
272 silly gunzTarPerm modified mode [ 'nan_weak.h', 436, 420 ]
273 silly gunzTarPerm extractEntry tools/package.json
274 silly gunzTarPerm modified mode [ 'tools/package.json', 436, 420 ]
275 silly gunzTarPerm extractEntry tools/README.md
276 silly gunzTarPerm modified mode [ 'tools/README.md', 436, 420 ]
277 silly gunzTarPerm extractEntry tools/1to2.js
278 silly gunzTarPerm modified mode [ 'tools/1to2.js', 509, 493 ]
279 silly gentlyRm /Users/h05374082/Downloads/20161205_HTTPServer/node_modules/.staging/nan-da0dbc09/node_modules is being purged
280 verbose gentlyRm don't care about contents; nuking /Users/h05374082/Downloads/20161205_HTTPServer/node_modules/.staging/nan-da0dbc09/node_modules
281 silly doParallel preinstall 2
282 silly preinstall nan@2.4.0 /Users/h05374082/Downloads/20161205_HTTPServer/node_modules/.staging/nan-da0dbc09
283 info lifecycle nan@2.4.0~preinstall: nan@2.4.0
284 silly preinstall sleep@5.0.0 /Users/h05374082/Downloads/20161205_HTTPServer/node_modules/.staging/sleep-9293e1c4
285 info lifecycle sleep@5.0.0~preinstall: sleep@5.0.0
286 silly lifecycle nan@2.4.0~preinstall: no script for preinstall, continuing
287 silly lifecycle sleep@5.0.0~preinstall: no script for preinstall, continuing
288 silly doReverseSerial remove 0
289 silly doSerial move 0
290 silly doSerial finalize 2
291 silly finalize /Users/h05374082/Downloads/20161205_HTTPServer/node_modules/nan
292 silly finalize /Users/h05374082/Downloads/20161205_HTTPServer/node_modules/sleep
293 silly doSerial build 2
294 silly build nan@2.4.0
295 info linkStuff nan@2.4.0
296 silly linkStuff nan@2.4.0 has /Users/h05374082/Downloads/20161205_HTTPServer/node_modules as its parent node_modules
297 verbose linkBins nan@2.4.0
298 verbose linkMans nan@2.4.0
299 silly build sleep@5.0.0
300 info linkStuff sleep@5.0.0
301 silly linkStuff sleep@5.0.0 has /Users/h05374082/Downloads/20161205_HTTPServer/node_modules as its parent node_modules
302 verbose linkBins sleep@5.0.0
303 verbose linkMans sleep@5.0.0
304 silly doSerial global-link 0
305 silly doParallel update-linked 0
306 silly doSerial install 2
307 silly install nan@2.4.0 /Users/h05374082/Downloads/20161205_HTTPServer/node_modules/.staging/nan-da0dbc09
308 info lifecycle nan@2.4.0~install: nan@2.4.0
309 silly lifecycle nan@2.4.0~install: no script for install, continuing
310 silly install sleep@5.0.0 /Users/h05374082/Downloads/20161205_HTTPServer/node_modules/.staging/sleep-9293e1c4
311 info lifecycle sleep@5.0.0~install: sleep@5.0.0
312 verbose lifecycle sleep@5.0.0~install: unsafe-perm in lifecycle true
313 verbose lifecycle sleep@5.0.0~install: PATH: /usr/local/lib/node_modules/npm/bin/node-gyp-bin:/Users/h05374082/Downloads/20161205_HTTPServer/node_modules/sleep/node_modules/.bin:/Users/h05374082/Downloads/20161205_HTTPServer/node_modules/.bin:/Library/Frameworks/Python.framework/Versions/3.5/bin:/usr/local/bin:/usr/bin:/bin:/usr/sbin:/sbin
314 verbose lifecycle sleep@5.0.0~install: CWD: /Users/h05374082/Downloads/20161205_HTTPServer/node_modules/sleep
315 silly lifecycle sleep@5.0.0~install: Args: [ '-c', 'node-gyp rebuild' ]
316 silly lifecycle sleep@5.0.0~install: Returned: code: 1  signal: null
317 info lifecycle sleep@5.0.0~install: Failed to exec install script
318 verbose unlock done using /Users/h05374082/.npm/_locks/staging-5c9cde005ec654c6.lock for /Users/h05374082/Downloads/20161205_HTTPServer/node_modules/.staging
319 silly rollbackFailedOptional Starting
320 silly rollbackFailedOptional Finishing
321 silly runTopLevelLifecycles Finishing
322 silly install printInstalled
323 warn enoent ENOENT: no such file or directory, open '/Users/h05374082/Downloads/20161205_HTTPServer/package.json'
324 verbose enoent ENOENT: no such file or directory, open '/Users/h05374082/Downloads/20161205_HTTPServer/package.json'
324 verbose enoent This is most likely not a problem with npm itself
324 verbose enoent and is related to npm not being able to find a file.
325 warn 20161205_HTTPServer No description
326 verbose If you need help, you may report this error at:
326 verbose     <https://github.com/npm/npm/issues>
327 warn 20161205_HTTPServer No repository field.
328 verbose If you need help, you may report this error at:
328 verbose     <https://github.com/npm/npm/issues>
329 warn 20161205_HTTPServer No README data
330 verbose If you need help, you may report this error at:
330 verbose     <https://github.com/npm/npm/issues>
331 warn 20161205_HTTPServer No license field.
332 verbose If you need help, you may report this error at:
332 verbose     <https://github.com/npm/npm/issues>
333 verbose stack Error: sleep@5.0.0 install: `node-gyp rebuild`
333 verbose stack Exit status 1
333 verbose stack     at EventEmitter.<anonymous> (/usr/local/lib/node_modules/npm/lib/utils/lifecycle.js:255:16)
333 verbose stack     at emitTwo (events.js:106:13)
333 verbose stack     at EventEmitter.emit (events.js:191:7)
333 verbose stack     at ChildProcess.<anonymous> (/usr/local/lib/node_modules/npm/lib/utils/spawn.js:40:14)
333 verbose stack     at emitTwo (events.js:106:13)
333 verbose stack     at ChildProcess.emit (events.js:191:7)
333 verbose stack     at maybeClose (internal/child_process.js:885:16)
333 verbose stack     at Process.ChildProcess._handle.onexit (internal/child_process.js:226:5)
334 verbose pkgid sleep@5.0.0
335 verbose cwd /Users/h05374082/Downloads/20161205_HTTPServer
336 error Darwin 15.6.0
337 error argv "/usr/local/bin/node" "/usr/local/bin/npm" "install" "sleep" "--save"
338 error node v7.2.0
339 error npm  v3.10.9
340 error code ELIFECYCLE
341 error sleep@5.0.0 install: `node-gyp rebuild`
341 error Exit status 1
342 error Failed at the sleep@5.0.0 install script 'node-gyp rebuild'.
342 error Make sure you have the latest version of node.js and npm installed.
342 error If you do, this is most likely a problem with the sleep package,
342 error not with npm itself.
342 error Tell the author that this fails on your system:
342 error     node-gyp rebuild
342 error You can get information on how to open an issue for this project with:
342 error     npm bugs sleep
342 error Or if that isn't available, you can get their info via:
342 error     npm owner ls sleep
342 error There is likely additional logging output above.
343 verbose exit [ 1, true ]
